0 info it worked if it ends with ok
1 verbose cli [ '/usr/local/bin/node', '/usr/local/bin/npm', 'run', 'build' ]
2 info using npm@3.8.3
3 info using node@v5.9.1
4 verbose run-script [ 'prebuild', 'build', 'postbuild' ]
5 info lifecycle jspdf@1.2.61~prebuild: jspdf@1.2.61
6 silly lifecycle jspdf@1.2.61~prebuild: no script for prebuild, continuing
7 info lifecycle jspdf@1.2.61~build: jspdf@1.2.61
8 verbose lifecycle jspdf@1.2.61~build: unsafe-perm in lifecycle true
9 verbose lifecycle jspdf@1.2.61~build: PATH: /usr/local/lib/node_modules/npm/bin/node-gyp-bin:/Users/sangchun/Documents/Developer/jsPDF/node_modules/.bin:/usr/local/bin:/Users/sangchun/.rvm/gems/ruby-2.2.1/bin:/Users/sangchun/.rvm/gems/ruby-2.2.1@global/bin:/Users/sangchun/.rvm/rubies/ruby-2.2.1/bin:/usr/local/bin:/usr/bin:/bin:/usr/sbin:/sbin:/Users/sangchun/.rvm/gems/ruby-2.2.1/bin:/Users/sangchun/.rvm/gems/ruby-2.2.1@global/bin:/Users/sangchun/.rvm/rubies/ruby-2.2.1/bin:/usr/local/bin:/usr/bin:/bin:/usr/sbin:/sbin:/Users/sangchun/.rvm/bin
10 verbose lifecycle jspdf@1.2.61~build: CWD: /Users/sangchun/Documents/Developer/jsPDF
11 silly lifecycle jspdf@1.2.61~build: Args: [ '-c', 'npm install && bower install && node build.js' ]
12 silly lifecycle jspdf@1.2.61~build: Returned: code: 1  signal: null
13 info lifecycle jspdf@1.2.61~build: Failed to exec build script
14 verbose stack Error: jspdf@1.2.61 build: `npm install && bower install && node build.js`
14 verbose stack Exit status 1
14 verbose stack     at EventEmitter.<anonymous> (/usr/local/lib/node_modules/npm/lib/utils/lifecycle.js:239:16)
14 verbose stack     at emitTwo (events.js:100:13)
14 verbose stack     at EventEmitter.emit (events.js:185:7)
14 verbose stack     at ChildProcess.<anonymous> (/usr/local/lib/node_modules/npm/lib/utils/spawn.js:24:14)
14 verbose stack     at emitTwo (events.js:100:13)
14 verbose stack     at ChildProcess.emit (events.js:185:7)
14 verbose stack     at maybeClose (internal/child_process.js:850:16)
14 verbose stack     at Process.ChildProcess._handle.onexit (internal/child_process.js:215:5)
15 verbose pkgid jspdf@1.2.61
16 verbose cwd /Users/sangchun/Documents/Developer/jsPDF
17 error Darwin 15.4.0
18 error argv "/usr/local/bin/node" "/usr/local/bin/npm" "run" "build"
19 error node v5.9.1
20 error npm  v3.8.3
21 error code ELIFECYCLE
22 error jspdf@1.2.61 build: `npm install && bower install && node build.js`
22 error Exit status 1
23 error Failed at the jspdf@1.2.61 build script 'npm install && bower install && node build.js'.
23 error Make sure you have the latest version of node.js and npm installed.
23 error If you do, this is most likely a problem with the jspdf package,
23 error not with npm itself.
23 error Tell the author that this fails on your system:
23 error     npm install && bower install && node build.js
23 error You can get information on how to open an issue for this project with:
23 error     npm bugs jspdf
23 error Or if that isn't available, you can get their info via:
23 error     npm owner ls jspdf
23 error There is likely additional logging output above.
24 verbose exit [ 1, true ]
